<?xml version="1.0" encoding="UTF-8"?>
<!-- Generated by org.testng.reporters.JUnitXMLReporter -->
<testsuite hostname="ManuLaptop" failures="0" tests="6" name="Default test" time="4.858" errors="0" timestamp="18 Apr 2021 08:35:23 GMT">
  <testcase classname="functional.tests.statistics.NegativeStatusCode" name="negativeStatusCode" time="2.104"/>
  <testcase classname="functional.tests.statistics.Responsecorrectness" name="statisticsPositiveStatusCode" time="2.44"/>
  <testcase classname="functional.tests.statistics.PositiveStatusCode" name="statisticsPositiveStatusCode" time="0.017"/>
  <testcase classname="functional.tests.connections.NegativeStatusCode" name="connectionsPositiveStatusCode" time="0.245"/>
  <testcase classname="functional.tests.connections.Responsecorrectness" name="connectionsPositiveStatusCode" time="0.0">
    <skipped/>
  </testcase> <!-- connectionsPositiveStatusCode -->
  <testcase classname="functional.tests.connections.PositiveStatusCode" name="connectionsPositiveStatusCode" time="0.0">
    <skipped/>
  </testcase> <!-- connectionsPositiveStatusCode -->
</testsuite> <!-- Default test -->
