<?xml version="1.0" encoding="UTF-8"?>
<!-- Generated by org.testng.reporters.JUnitXMLReporter -->
<testsuite hostname="ManuLaptop" failures="0" tests="6" name="Test" time="5.307" errors="0" timestamp="18 Apr 2021 08:35:47 GMT">
  <testcase classname="functional.tests.statistics.NegativeStatusCode" name="negativeStatusCode" time="1.875"/>
  <testcase classname="functional.tests.statistics.PositiveStatusCode" name="statisticsPositiveStatusCode" time="0.032"/>
  <testcase classname="functional.tests.statistics.Responsecorrectness" name="statisticsPositiveStatusCode" time="2.681"/>
  <testcase classname="functional.tests.connections.PositiveStatusCode" name="connectionsPositiveStatusCode" time="0.395"/>
  <testcase classname="functional.tests.connections.NegativeStatusCode" name="connectionsPositiveStatusCode" time="0.119"/>
  <testcase classname="functional.tests.connections.Responsecorrectness" name="connectionsPositiveStatusCode" time="0.162"/>
</testsuite> <!-- Test -->
