<?xml version="1.0" encoding="UTF-8"?>
<testng-results total="6" passed="6" failed="0" skipped="0">
  <reporter-output>
  </reporter-output>
  <suite started-at="2021-04-18T08:35:41Z" name="Suite" finished-at="2021-04-18T08:35:46Z" duration-ms="5307">
    <groups>
    </groups>
    <test started-at="2021-04-18T08:35:41Z" name="Test" finished-at="2021-04-18T08:35:46Z" duration-ms="5307">
      <class name="functional.tests.statistics.NegativeStatusCode">
        <test-method signature="negativeStatusCode()[pri:0, instance:functional.tests.statistics.NegativeStatusCode@70e9c95d]" started-at="2021-04-18T11:35:41Z" name="negativeStatusCode" finished-at="2021-04-18T11:35:43Z" duration-ms="1875" status="PASS">
          <reporter-output>
          </reporter-output>
        </test-method> <!-- negativeStatusCode -->
      </class> <!-- functional.tests.statistics.NegativeStatusCode -->
      <class name="functional.tests.statistics.Responsecorrectness">
        <test-method signature="statisticsPositiveStatusCode()[pri:0, instance:functional.tests.statistics.Responsecorrectness@2e6a8155]" started-at="2021-04-18T11:35:43Z" name="statisticsPositiveStatusCode" finished-at="2021-04-18T11:35:46Z" duration-ms="2681" status="PASS">
          <reporter-output>
          </reporter-output>
        </test-method> <!-- statisticsPositiveStatusCode -->
      </class> <!-- functional.tests.statistics.Responsecorrectness -->
      <class name="functional.tests.connections.NegativeStatusCode">
        <test-method signature="connectionsPositiveStatusCode()[pri:0, instance:functional.tests.connections.NegativeStatusCode@52719fb6]" started-at="2021-04-18T11:35:46Z" name="connectionsPositiveStatusCode" finished-at="2021-04-18T11:35:46Z" duration-ms="119" status="PASS">
          <reporter-output>
          </reporter-output>
        </test-method> <!-- connectionsPositiveStatusCode -->
      </class> <!-- functional.tests.connections.NegativeStatusCode -->
      <class name="functional.tests.statistics.PositiveStatusCode">
        <test-method signature="statisticsPositiveStatusCode()[pri:0, instance:functional.tests.statistics.PositiveStatusCode@51c668e3]" started-at="2021-04-18T11:35:43Z" name="statisticsPositiveStatusCode" finished-at="2021-04-18T11:35:43Z" duration-ms="32" status="PASS">
          <reporter-output>
          </reporter-output>
        </test-method> <!-- statisticsPositiveStatusCode -->
      </class> <!-- functional.tests.statistics.PositiveStatusCode -->
      <class name="functional.tests.connections.Responsecorrectness">
        <test-method signature="connectionsPositiveStatusCode(java.lang.String)[pri:0, instance:functional.tests.connections.Responsecorrectness@3012646b]" started-at="2021-04-18T11:35:46Z" name="connectionsPositiveStatusCode" finished-at="2021-04-18T11:35:46Z" duration-ms="162" status="PASS">
          <params>
            <param index="0">
              <value>
                <![CDATA[input-3]]>
              </value>
            </param>
          </params>
          <reporter-output>
          </reporter-output>
        </test-method> <!-- connectionsPositiveStatusCode -->
      </class> <!-- functional.tests.connections.Responsecorrectness -->
      <class name="functional.tests.connections.PositiveStatusCode">
        <test-method signature="connectionsPositiveStatusCode(java.lang.String)[pri:0, instance:functional.tests.connections.PositiveStatusCode@6221a451]" started-at="2021-04-18T11:35:46Z" name="connectionsPositiveStatusCode" finished-at="2021-04-18T11:35:46Z" duration-ms="395" status="PASS">
          <params>
            <param index="0">
              <value>
                <![CDATA[input-3]]>
              </value>
            </param>
          </params>
          <reporter-output>
          </reporter-output>
        </test-method> <!-- connectionsPositiveStatusCode -->
      </class> <!-- functional.tests.connections.PositiveStatusCode -->
    </test> <!-- Test -->
  </suite> <!-- Suite -->
</testng-results>
